[2020-11-13 18:33:24] production.ERROR: No application encryption key has been specified. {"exception":"[object] (RuntimeException(code: 0): No application encryption key has been specified. at /home/irsal/git/laravel-adminlte/vendor/laravel/framework/src/Illuminate/Encryption/EncryptionServiceProvider.php:80)
[stacktrace]
#0 /home/irsal/git/laravel-adminlte/vendor/laravel/framework/src/Illuminate/Support/helpers.php(433): Illuminate\\Encryption\\EncryptionServiceProvider->Illuminate\\Encryption\\{closure}()
#1 /home/irsal/git/laravel-adminlte/vendor/laravel/framework/src/Illuminate/Encryption/EncryptionServiceProvider.php(84): tap()
#2 /home/irsal/git/laravel-adminlte/vendor/laravel/framework/src/Illuminate/Encryption/EncryptionServiceProvider.php(61): Illuminate\\Encryption\\EncryptionServiceProvider->key()
#3 /home/irsal/git/laravel-adminlte/vendor/laravel/framework/src/Illuminate/Encryption/EncryptionServiceProvider.php(33): Illuminate\\Encryption\\EncryptionServiceProvider->parseKey()
#4 /home/irsal/git/laravel-adminlte/vendor/laravel/framework/src/Illuminate/Container/Container.php(801): Illuminate\\Encryption\\EncryptionServiceProvider->Illuminate\\Encryption\\{closure}()
#5 /home/irsal/git/laravel-adminlte/vendor/laravel/framework/src/Illuminate/Container/Container.php(687): Illuminate\\Container\\Container->build()
#6 /home/irsal/git/laravel-adminlte/vendor/laravel/framework/src/Illuminate/Foundation/Application.php(796): Illuminate\\Container\\Container->resolve()
#7 /home/irsal/git/laravel-adminlte/vendor/laravel/framework/src/Illuminate/Container/Container.php(633): Illuminate\\Foundation\\Application->resolve()
#8 /home/irsal/git/laravel-adminlte/vendor/laravel/framework/src/Illuminate/Foundation/Application.php(781): Illuminate\\Container\\Container->make()
#9 /home/irsal/git/laravel-adminlte/vendor/laravel/framework/src/Illuminate/Container/Container.php(955): Illuminate\\Foundation\\Application->make()
#10 /home/irsal/git/laravel-adminlte/vendor/laravel/framework/src/Illuminate/Container/Container.php(875): Illuminate\\Container\\Container->resolveClass()
#11 /home/irsal/git/laravel-adminlte/vendor/laravel/framework/src/Illuminate/Container/Container.php(836): Illuminate\\Container\\Container->resolveDependencies()
#12 /home/irsal/git/laravel-adminlte/vendor/laravel/framework/src/Illuminate/Container/Container.php(687): Illuminate\\Container\\Container->build()
#13 /home/irsal/git/laravel-adminlte/vendor/laravel/framework/src/Illuminate/Foundation/Application.php(796): Illuminate\\Container\\Container->resolve()
#14 /home/irsal/git/laravel-adminlte/vendor/laravel/framework/src/Illuminate/Container/Container.php(633): Illuminate\\Foundation\\Application->resolve()
#15 /home/irsal/git/laravel-adminlte/vendor/laravel/framework/src/Illuminate/Foundation/Application.php(781): Illuminate\\Container\\Container->make()
#16 /home/irsal/git/laravel-adminlte/vendor/laravel/framework/src/Illuminate/Pipeline/Pipeline.php(156): Illuminate\\Foundation\\Application->make()
#17 /home/irsal/git/laravel-adminlte/vendor/laravel/framework/src/Illuminate/Pipeline/Pipeline.php(103): Illuminate\\Pipeline\\Pipeline->Illuminate\\Pipeline\\{closure}()
#18 /home/irsal/git/laravel-adminlte/vendor/laravel/framework/src/Illuminate/Routing/Router.php(687): Illuminate\\Pipeline\\Pipeline->then()
#19 /home/irsal/git/laravel-adminlte/vendor/laravel/framework/src/Illuminate/Routing/Router.php(662): Illuminate\\Routing\\Router->runRouteWithinStack()
#20 /home/irsal/git/laravel-adminlte/vendor/laravel/framework/src/Illuminate/Routing/Router.php(628): Illuminate\\Routing\\Router->runRoute()
#21 /home/irsal/git/laravel-adminlte/vendor/laravel/framework/src/Illuminate/Routing/Router.php(617): Illuminate\\Routing\\Router->dispatchToRoute()
#22 /home/irsal/git/laravel-adminlte/vendor/laravel/framework/src/Illuminate/Foundation/Http/Kernel.php(165): Illuminate\\Routing\\Router->dispatch()
#23 /home/irsal/git/laravel-adminlte/vendor/laravel/framework/src/Illuminate/Pipeline/Pipeline.php(128): Illuminate\\Foundation\\Http\\Kernel->Illuminate\\Foundation\\Http\\{closure}()
#24 /home/irsal/git/laravel-adminlte/vendor/laravel/framework/src/Illuminate/Foundation/Http/Middleware/TransformsRequest.php(21): Illuminate\\Pipeline\\Pipeline->Illuminate\\Pipeline\\{closure}()
#25 /home/irsal/git/laravel-adminlte/vendor/laravel/framework/src/Illuminate/Pipeline/Pipeline.php(167): Illuminate\\Foundation\\Http\\Middleware\\TransformsRequest->handle()
#26 /home/irsal/git/laravel-adminlte/vendor/laravel/framework/src/Illuminate/Foundation/Http/Middleware/TransformsRequest.php(21): Illuminate\\Pipeline\\Pipeline->Illuminate\\Pipeline\\{closure}()
#27 /home/irsal/git/laravel-adminlte/vendor/laravel/framework/src/Illuminate/Pipeline/Pipeline.php(167): Illuminate\\Foundation\\Http\\Middleware\\TransformsRequest->handle()
#28 /home/irsal/git/laravel-adminlte/vendor/laravel/framework/src/Illuminate/Foundation/Http/Middleware/ValidatePostSize.php(27): Illuminate\\Pipeline\\Pipeline->Illuminate\\Pipeline\\{closure}()
#29 /home/irsal/git/laravel-adminlte/vendor/laravel/framework/src/Illuminate/Pipeline/Pipeline.php(167): Illuminate\\Foundation\\Http\\Middleware\\ValidatePostSize->handle()
#30 /home/irsal/git/laravel-adminlte/vendor/laravel/framework/src/Illuminate/Foundation/Http/Middleware/CheckForMaintenanceMode.php(63): Illuminate\\Pipeline\\Pipeline->Illuminate\\Pipeline\\{closure}()
#31 /home/irsal/git/laravel-adminlte/vendor/laravel/framework/src/Illuminate/Pipeline/Pipeline.php(167): Illuminate\\Foundation\\Http\\Middleware\\CheckForMaintenanceMode->handle()
#32 /home/irsal/git/laravel-adminlte/vendor/fruitcake/laravel-cors/src/HandleCors.php(37): Illuminate\\Pipeline\\Pipeline->Illuminate\\Pipeline\\{closure}()
#33 /home/irsal/git/laravel-adminlte/vendor/laravel/framework/src/Illuminate/Pipeline/Pipeline.php(167): Fruitcake\\Cors\\HandleCors->handle()
#34 /home/irsal/git/laravel-adminlte/vendor/fideloper/proxy/src/TrustProxies.php(57): Illuminate\\Pipeline\\Pipeline->Illuminate\\Pipeline\\{closure}()
#35 /home/irsal/git/laravel-adminlte/vendor/laravel/framework/src/Illuminate/Pipeline/Pipeline.php(167): Fideloper\\Proxy\\TrustProxies->handle()
#36 /home/irsal/git/laravel-adminlte/vendor/laravel/framework/src/Illuminate/Pipeline/Pipeline.php(103): Illuminate\\Pipeline\\Pipeline->Illuminate\\Pipeline\\{closure}()
#37 /home/irsal/git/laravel-adminlte/vendor/laravel/framework/src/Illuminate/Foundation/Http/Kernel.php(140): Illuminate\\Pipeline\\Pipeline->then()
#38 /home/irsal/git/laravel-adminlte/vendor/laravel/framework/src/Illuminate/Foundation/Http/Kernel.php(109): Illuminate\\Foundation\\Http\\Kernel->sendRequestThroughRouter()
#39 /home/irsal/git/laravel-adminlte/public/index.php(55): Illuminate\\Foundation\\Http\\Kernel->handle()
#40 /home/irsal/git/laravel-adminlte/server.php(21): require_once('/home/irsal/git...')
#41 {main}
"} 
[2020-11-13 18:33:24] production.ERROR: No application encryption key has been specified. {"exception":"[object] (RuntimeException(code: 0): No application encryption key has been specified. at /home/irsal/git/laravel-adminlte/vendor/laravel/framework/src/Illuminate/Encryption/EncryptionServiceProvider.php:80)
[stacktrace]
#0 /home/irsal/git/laravel-adminlte/vendor/laravel/framework/src/Illuminate/Support/helpers.php(433): Illuminate\\Encryption\\EncryptionServiceProvider->Illuminate\\Encryption\\{closure}()
#1 /home/irsal/git/laravel-adminlte/vendor/laravel/framework/src/Illuminate/Encryption/EncryptionServiceProvider.php(84): tap()
#2 /home/irsal/git/laravel-adminlte/vendor/laravel/framework/src/Illuminate/Encryption/EncryptionServiceProvider.php(61): Illuminate\\Encryption\\EncryptionServiceProvider->key()
#3 /home/irsal/git/laravel-adminlte/vendor/laravel/framework/src/Illuminate/Encryption/EncryptionServiceProvider.php(33): Illuminate\\Encryption\\EncryptionServiceProvider->parseKey()
#4 /home/irsal/git/laravel-adminlte/vendor/laravel/framework/src/Illuminate/Container/Container.php(801): Illuminate\\Encryption\\EncryptionServiceProvider->Illuminate\\Encryption\\{closure}()
#5 /home/irsal/git/laravel-adminlte/vendor/laravel/framework/src/Illuminate/Container/Container.php(687): Illuminate\\Container\\Container->build()
#6 /home/irsal/git/laravel-adminlte/vendor/laravel/framework/src/Illuminate/Foundation/Application.php(796): Illuminate\\Container\\Container->resolve()
#7 /home/irsal/git/laravel-adminlte/vendor/laravel/framework/src/Illuminate/Container/Container.php(633): Illuminate\\Foundation\\Application->resolve()
#8 /home/irsal/git/laravel-adminlte/vendor/laravel/framework/src/Illuminate/Foundation/Application.php(781): Illuminate\\Container\\Container->make()
#9 /home/irsal/git/laravel-adminlte/vendor/laravel/framework/src/Illuminate/Container/Container.php(955): Illuminate\\Foundation\\Application->make()
#10 /home/irsal/git/laravel-adminlte/vendor/laravel/framework/src/Illuminate/Container/Container.php(875): Illuminate\\Container\\Container->resolveClass()
#11 /home/irsal/git/laravel-adminlte/vendor/laravel/framework/src/Illuminate/Container/Container.php(836): Illuminate\\Container\\Container->resolveDependencies()
#12 /home/irsal/git/laravel-adminlte/vendor/laravel/framework/src/Illuminate/Container/Container.php(687): Illuminate\\Container\\Container->build()
#13 /home/irsal/git/laravel-adminlte/vendor/laravel/framework/src/Illuminate/Foundation/Application.php(796): Illuminate\\Container\\Container->resolve()
#14 /home/irsal/git/laravel-adminlte/vendor/laravel/framework/src/Illuminate/Container/Container.php(633): Illuminate\\Foundation\\Application->resolve()
#15 /home/irsal/git/laravel-adminlte/vendor/laravel/framework/src/Illuminate/Foundation/Application.php(781): Illuminate\\Container\\Container->make()
#16 /home/irsal/git/laravel-adminlte/vendor/laravel/framework/src/Illuminate/Foundation/Http/Kernel.php(204): Illuminate\\Foundation\\Application->make()
#17 /home/irsal/git/laravel-adminlte/vendor/laravel/framework/src/Illuminate/Foundation/Http/Kernel.php(178): Illuminate\\Foundation\\Http\\Kernel->terminateMiddleware()
#18 /home/irsal/git/laravel-adminlte/public/index.php(60): Illuminate\\Foundation\\Http\\Kernel->terminate()
#19 /home/irsal/git/laravel-adminlte/server.php(21): require_once('/home/irsal/git...')
#20 {main}
"} 
[2020-11-13 18:33:26] production.ERROR: No application encryption key has been specified. {"exception":"[object] (RuntimeException(code: 0): No application encryption key has been specified. at /home/irsal/git/laravel-adminlte/vendor/laravel/framework/src/Illuminate/Encryption/EncryptionServiceProvider.php:80)
[stacktrace]
#0 /home/irsal/git/laravel-adminlte/vendor/laravel/framework/src/Illuminate/Support/helpers.php(433): Illuminate\\Encryption\\EncryptionServiceProvider->Illuminate\\Encryption\\{closure}()
#1 /home/irsal/git/laravel-adminlte/vendor/laravel/framework/src/Illuminate/Encryption/EncryptionServiceProvider.php(84): tap()
#2 /home/irsal/git/laravel-adminlte/vendor/laravel/framework/src/Illuminate/Encryption/EncryptionServiceProvider.php(61): Illuminate\\Encryption\\EncryptionServiceProvider->key()
#3 /home/irsal/git/laravel-adminlte/vendor/laravel/framework/src/Illuminate/Encryption/EncryptionServiceProvider.php(33): Illuminate\\Encryption\\EncryptionServiceProvider->parseKey()
#4 /home/irsal/git/laravel-adminlte/vendor/laravel/framework/src/Illuminate/Container/Container.php(801): Illuminate\\Encryption\\EncryptionServiceProvider->Illuminate\\Encryption\\{closure}()
#5 /home/irsal/git/laravel-adminlte/vendor/laravel/framework/src/Illuminate/Container/Container.php(687): Illuminate\\Container\\Container->build()
#6 /home/irsal/git/laravel-adminlte/vendor/laravel/framework/src/Illuminate/Foundation/Application.php(796): Illuminate\\Container\\Container->resolve()
#7 /home/irsal/git/laravel-adminlte/vendor/laravel/framework/src/Illuminate/Container/Container.php(633): Illuminate\\Foundation\\Application->resolve()
#8 /home/irsal/git/laravel-adminlte/vendor/laravel/framework/src/Illuminate/Foundation/Application.php(781): Illuminate\\Container\\Container->make()
#9 /home/irsal/git/laravel-adminlte/vendor/laravel/framework/src/Illuminate/Container/Container.php(955): Illuminate\\Foundation\\Application->make()
#10 /home/irsal/git/laravel-adminlte/vendor/laravel/framework/src/Illuminate/Container/Container.php(875): Illuminate\\Container\\Container->resolveClass()
#11 /home/irsal/git/laravel-adminlte/vendor/laravel/framework/src/Illuminate/Container/Container.php(836): Illuminate\\Container\\Container->resolveDependencies()
#12 /home/irsal/git/laravel-adminlte/vendor/laravel/framework/src/Illuminate/Container/Container.php(687): Illuminate\\Container\\Container->build()
#13 /home/irsal/git/laravel-adminlte/vendor/laravel/framework/src/Illuminate/Foundation/Application.php(796): Illuminate\\Container\\Container->resolve()
#14 /home/irsal/git/laravel-adminlte/vendor/laravel/framework/src/Illuminate/Container/Container.php(633): Illuminate\\Foundation\\Application->resolve()
#15 /home/irsal/git/laravel-adminlte/vendor/laravel/framework/src/Illuminate/Foundation/Application.php(781): Illuminate\\Container\\Container->make()
#16 /home/irsal/git/laravel-adminlte/vendor/laravel/framework/src/Illuminate/Pipeline/Pipeline.php(156): Illuminate\\Foundation\\Application->make()
#17 /home/irsal/git/laravel-adminlte/vendor/laravel/framework/src/Illuminate/Pipeline/Pipeline.php(103): Illuminate\\Pipeline\\Pipeline->Illuminate\\Pipeline\\{closure}()
#18 /home/irsal/git/laravel-adminlte/vendor/laravel/framework/src/Illuminate/Routing/Router.php(687): Illuminate\\Pipeline\\Pipeline->then()
#19 /home/irsal/git/laravel-adminlte/vendor/laravel/framework/src/Illuminate/Routing/Router.php(662): Illuminate\\Routing\\Router->runRouteWithinStack()
#20 /home/irsal/git/laravel-adminlte/vendor/laravel/framework/src/Illuminate/Routing/Router.php(628): Illuminate\\Routing\\Router->runRoute()
#21 /home/irsal/git/laravel-adminlte/vendor/laravel/framework/src/Illuminate/Routing/Router.php(617): Illuminate\\Routing\\Router->dispatchToRoute()
#22 /home/irsal/git/laravel-adminlte/vendor/laravel/framework/src/Illuminate/Foundation/Http/Kernel.php(165): Illuminate\\Routing\\Router->dispatch()
#23 /home/irsal/git/laravel-adminlte/vendor/laravel/framework/src/Illuminate/Pipeline/Pipeline.php(128): Illuminate\\Foundation\\Http\\Kernel->Illuminate\\Foundation\\Http\\{closure}()
#24 /home/irsal/git/laravel-adminlte/vendor/laravel/framework/src/Illuminate/Foundation/Http/Middleware/TransformsRequest.php(21): Illuminate\\Pipeline\\Pipeline->Illuminate\\Pipeline\\{closure}()
#25 /home/irsal/git/laravel-adminlte/vendor/laravel/framework/src/Illuminate/Pipeline/Pipeline.php(167): Illuminate\\Foundation\\Http\\Middleware\\TransformsRequest->handle()
#26 /home/irsal/git/laravel-adminlte/vendor/laravel/framework/src/Illuminate/Foundation/Http/Middleware/TransformsRequest.php(21): Illuminate\\Pipeline\\Pipeline->Illuminate\\Pipeline\\{closure}()
#27 /home/irsal/git/laravel-adminlte/vendor/laravel/framework/src/Illuminate/Pipeline/Pipeline.php(167): Illuminate\\Foundation\\Http\\Middleware\\TransformsRequest->handle()
#28 /home/irsal/git/laravel-adminlte/vendor/laravel/framework/src/Illuminate/Foundation/Http/Middleware/ValidatePostSize.php(27): Illuminate\\Pipeline\\Pipeline->Illuminate\\Pipeline\\{closure}()
#29 /home/irsal/git/laravel-adminlte/vendor/laravel/framework/src/Illuminate/Pipeline/Pipeline.php(167): Illuminate\\Foundation\\Http\\Middleware\\ValidatePostSize->handle()
#30 /home/irsal/git/laravel-adminlte/vendor/laravel/framework/src/Illuminate/Foundation/Http/Middleware/CheckForMaintenanceMode.php(63): Illuminate\\Pipeline\\Pipeline->Illuminate\\Pipeline\\{closure}()
#31 /home/irsal/git/laravel-adminlte/vendor/laravel/framework/src/Illuminate/Pipeline/Pipeline.php(167): Illuminate\\Foundation\\Http\\Middleware\\CheckForMaintenanceMode->handle()
#32 /home/irsal/git/laravel-adminlte/vendor/fruitcake/laravel-cors/src/HandleCors.php(37): Illuminate\\Pipeline\\Pipeline->Illuminate\\Pipeline\\{closure}()
#33 /home/irsal/git/laravel-adminlte/vendor/laravel/framework/src/Illuminate/Pipeline/Pipeline.php(167): Fruitcake\\Cors\\HandleCors->handle()
#34 /home/irsal/git/laravel-adminlte/vendor/fideloper/proxy/src/TrustProxies.php(57): Illuminate\\Pipeline\\Pipeline->Illuminate\\Pipeline\\{closure}()
#35 /home/irsal/git/laravel-adminlte/vendor/laravel/framework/src/Illuminate/Pipeline/Pipeline.php(167): Fideloper\\Proxy\\TrustProxies->handle()
#36 /home/irsal/git/laravel-adminlte/vendor/laravel/framework/src/Illuminate/Pipeline/Pipeline.php(103): Illuminate\\Pipeline\\Pipeline->Illuminate\\Pipeline\\{closure}()
#37 /home/irsal/git/laravel-adminlte/vendor/laravel/framework/src/Illuminate/Foundation/Http/Kernel.php(140): Illuminate\\Pipeline\\Pipeline->then()
#38 /home/irsal/git/laravel-adminlte/vendor/laravel/framework/src/Illuminate/Foundation/Http/Kernel.php(109): Illuminate\\Foundation\\Http\\Kernel->sendRequestThroughRouter()
#39 /home/irsal/git/laravel-adminlte/public/index.php(55): Illuminate\\Foundation\\Http\\Kernel->handle()
#40 /home/irsal/git/laravel-adminlte/server.php(21): require_once('/home/irsal/git...')
#41 {main}
"} 
[2020-11-13 18:33:26] production.ERROR: No application encryption key has been specified. {"exception":"[object] (RuntimeException(code: 0): No application encryption key has been specified. at /home/irsal/git/laravel-adminlte/vendor/laravel/framework/src/Illuminate/Encryption/EncryptionServiceProvider.php:80)
[stacktrace]
#0 /home/irsal/git/laravel-adminlte/vendor/laravel/framework/src/Illuminate/Support/helpers.php(433): Illuminate\\Encryption\\EncryptionServiceProvider->Illuminate\\Encryption\\{closure}()
#1 /home/irsal/git/laravel-adminlte/vendor/laravel/framework/src/Illuminate/Encryption/EncryptionServiceProvider.php(84): tap()
#2 /home/irsal/git/laravel-adminlte/vendor/laravel/framework/src/Illuminate/Encryption/EncryptionServiceProvider.php(61): Illuminate\\Encryption\\EncryptionServiceProvider->key()
#3 /home/irsal/git/laravel-adminlte/vendor/laravel/framework/src/Illuminate/Encryption/EncryptionServiceProvider.php(33): Illuminate\\Encryption\\EncryptionServiceProvider->parseKey()
#4 /home/irsal/git/laravel-adminlte/vendor/laravel/framework/src/Illuminate/Container/Container.php(801): Illuminate\\Encryption\\EncryptionServiceProvider->Illuminate\\Encryption\\{closure}()
#5 /home/irsal/git/laravel-adminlte/vendor/laravel/framework/src/Illuminate/Container/Container.php(687): Illuminate\\Container\\Container->build()
#6 /home/irsal/git/laravel-adminlte/vendor/laravel/framework/src/Illuminate/Foundation/Application.php(796): Illuminate\\Container\\Container->resolve()
#7 /home/irsal/git/laravel-adminlte/vendor/laravel/framework/src/Illuminate/Container/Container.php(633): Illuminate\\Foundation\\Application->resolve()
#8 /home/irsal/git/laravel-adminlte/vendor/laravel/framework/src/Illuminate/Foundation/Application.php(781): Illuminate\\Container\\Container->make()
#9 /home/irsal/git/laravel-adminlte/vendor/laravel/framework/src/Illuminate/Container/Container.php(955): Illuminate\\Foundation\\Application->make()
#10 /home/irsal/git/laravel-adminlte/vendor/laravel/framework/src/Illuminate/Container/Container.php(875): Illuminate\\Container\\Container->resolveClass()
#11 /home/irsal/git/laravel-adminlte/vendor/laravel/framework/src/Illuminate/Container/Container.php(836): Illuminate\\Container\\Container->resolveDependencies()
#12 /home/irsal/git/laravel-adminlte/vendor/laravel/framework/src/Illuminate/Container/Container.php(687): Illuminate\\Container\\Container->build()
#13 /home/irsal/git/laravel-adminlte/vendor/laravel/framework/src/Illuminate/Foundation/Application.php(796): Illuminate\\Container\\Container->resolve()
#14 /home/irsal/git/laravel-adminlte/vendor/laravel/framework/src/Illuminate/Container/Container.php(633): Illuminate\\Foundation\\Application->resolve()
#15 /home/irsal/git/laravel-adminlte/vendor/laravel/framework/src/Illuminate/Foundation/Application.php(781): Illuminate\\Container\\Container->make()
#16 /home/irsal/git/laravel-adminlte/vendor/laravel/framework/src/Illuminate/Foundation/Http/Kernel.php(204): Illuminate\\Foundation\\Application->make()
#17 /home/irsal/git/laravel-adminlte/vendor/laravel/framework/src/Illuminate/Foundation/Http/Kernel.php(178): Illuminate\\Foundation\\Http\\Kernel->terminateMiddleware()
#18 /home/irsal/git/laravel-adminlte/public/index.php(60): Illuminate\\Foundation\\Http\\Kernel->terminate()
#19 /home/irsal/git/laravel-adminlte/server.php(21): require_once('/home/irsal/git...')
#20 {main}
"} 
[2020-11-13 18:33:27] production.ERROR: No application encryption key has been specified. {"exception":"[object] (RuntimeException(code: 0): No application encryption key has been specified. at /home/irsal/git/laravel-adminlte/vendor/laravel/framework/src/Illuminate/Encryption/EncryptionServiceProvider.php:80)
[stacktrace]
#0 /home/irsal/git/laravel-adminlte/vendor/laravel/framework/src/Illuminate/Support/helpers.php(433): Illuminate\\Encryption\\EncryptionServiceProvider->Illuminate\\Encryption\\{closure}()
#1 /home/irsal/git/laravel-adminlte/vendor/laravel/framework/src/Illuminate/Encryption/EncryptionServiceProvider.php(84): tap()
#2 /home/irsal/git/laravel-adminlte/vendor/laravel/framework/src/Illuminate/Encryption/EncryptionServiceProvider.php(61): Illuminate\\Encryption\\EncryptionServiceProvider->key()
#3 /home/irsal/git/laravel-adminlte/vendor/laravel/framework/src/Illuminate/Encryption/EncryptionServiceProvider.php(33): Illuminate\\Encryption\\EncryptionServiceProvider->parseKey()
#4 /home/irsal/git/laravel-adminlte/vendor/laravel/framework/src/Illuminate/Container/Container.php(801): Illuminate\\Encryption\\EncryptionServiceProvider->Illuminate\\Encryption\\{closure}()
#5 /home/irsal/git/laravel-adminlte/vendor/laravel/framework/src/Illuminate/Container/Container.php(687): Illuminate\\Container\\Container->build()
#6 /home/irsal/git/laravel-adminlte/vendor/laravel/framework/src/Illuminate/Foundation/Application.php(796): Illuminate\\Container\\Container->resolve()
#7 /home/irsal/git/laravel-adminlte/vendor/laravel/framework/src/Illuminate/Container/Container.php(633): Illuminate\\Foundation\\Application->resolve()
#8 /home/irsal/git/laravel-adminlte/vendor/laravel/framework/src/Illuminate/Foundation/Application.php(781): Illuminate\\Container\\Container->make()
#9 /home/irsal/git/laravel-adminlte/vendor/laravel/framework/src/Illuminate/Container/Container.php(955): Illuminate\\Foundation\\Application->make()
#10 /home/irsal/git/laravel-adminlte/vendor/laravel/framework/src/Illuminate/Container/Container.php(875): Illuminate\\Container\\Container->resolveClass()
#11 /home/irsal/git/laravel-adminlte/vendor/laravel/framework/src/Illuminate/Container/Container.php(836): Illuminate\\Container\\Container->resolveDependencies()
#12 /home/irsal/git/laravel-adminlte/vendor/laravel/framework/src/Illuminate/Container/Container.php(687): Illuminate\\Container\\Container->build()
#13 /home/irsal/git/laravel-adminlte/vendor/laravel/framework/src/Illuminate/Foundation/Application.php(796): Illuminate\\Container\\Container->resolve()
#14 /home/irsal/git/laravel-adminlte/vendor/laravel/framework/src/Illuminate/Container/Container.php(633): Illuminate\\Foundation\\Application->resolve()
#15 /home/irsal/git/laravel-adminlte/vendor/laravel/framework/src/Illuminate/Foundation/Application.php(781): Illuminate\\Container\\Container->make()
#16 /home/irsal/git/laravel-adminlte/vendor/laravel/framework/src/Illuminate/Pipeline/Pipeline.php(156): Illuminate\\Foundation\\Application->make()
#17 /home/irsal/git/laravel-adminlte/vendor/laravel/framework/src/Illuminate/Pipeline/Pipeline.php(103): Illuminate\\Pipeline\\Pipeline->Illuminate\\Pipeline\\{closure}()
#18 /home/irsal/git/laravel-adminlte/vendor/laravel/framework/src/Illuminate/Routing/Router.php(687): Illuminate\\Pipeline\\Pipeline->then()
#19 /home/irsal/git/laravel-adminlte/vendor/laravel/framework/src/Illuminate/Routing/Router.php(662): Illuminate\\Routing\\Router->runRouteWithinStack()
#20 /home/irsal/git/laravel-adminlte/vendor/laravel/framework/src/Illuminate/Routing/Router.php(628): Illuminate\\Routing\\Router->runRoute()
#21 /home/irsal/git/laravel-adminlte/vendor/laravel/framework/src/Illuminate/Routing/Router.php(617): Illuminate\\Routing\\Router->dispatchToRoute()
#22 /home/irsal/git/laravel-adminlte/vendor/laravel/framework/src/Illuminate/Foundation/Http/Kernel.php(165): Illuminate\\Routing\\Router->dispatch()
#23 /home/irsal/git/laravel-adminlte/vendor/laravel/framework/src/Illuminate/Pipeline/Pipeline.php(128): Illuminate\\Foundation\\Http\\Kernel->Illuminate\\Foundation\\Http\\{closure}()
#24 /home/irsal/git/laravel-adminlte/vendor/laravel/framework/src/Illuminate/Foundation/Http/Middleware/TransformsRequest.php(21): Illuminate\\Pipeline\\Pipeline->Illuminate\\Pipeline\\{closure}()
#25 /home/irsal/git/laravel-adminlte/vendor/laravel/framework/src/Illuminate/Pipeline/Pipeline.php(167): Illuminate\\Foundation\\Http\\Middleware\\TransformsRequest->handle()
#26 /home/irsal/git/laravel-adminlte/vendor/laravel/framework/src/Illuminate/Foundation/Http/Middleware/TransformsRequest.php(21): Illuminate\\Pipeline\\Pipeline->Illuminate\\Pipeline\\{closure}()
#27 /home/irsal/git/laravel-adminlte/vendor/laravel/framework/src/Illuminate/Pipeline/Pipeline.php(167): Illuminate\\Foundation\\Http\\Middleware\\TransformsRequest->handle()
#28 /home/irsal/git/laravel-adminlte/vendor/laravel/framework/src/Illuminate/Foundation/Http/Middleware/ValidatePostSize.php(27): Illuminate\\Pipeline\\Pipeline->Illuminate\\Pipeline\\{closure}()
#29 /home/irsal/git/laravel-adminlte/vendor/laravel/framework/src/Illuminate/Pipeline/Pipeline.php(167): Illuminate\\Foundation\\Http\\Middleware\\ValidatePostSize->handle()
#30 /home/irsal/git/laravel-adminlte/vendor/laravel/framework/src/Illuminate/Foundation/Http/Middleware/CheckForMaintenanceMode.php(63): Illuminate\\Pipeline\\Pipeline->Illuminate\\Pipeline\\{closure}()
#31 /home/irsal/git/laravel-adminlte/vendor/laravel/framework/src/Illuminate/Pipeline/Pipeline.php(167): Illuminate\\Foundation\\Http\\Middleware\\CheckForMaintenanceMode->handle()
#32 /home/irsal/git/laravel-adminlte/vendor/fruitcake/laravel-cors/src/HandleCors.php(37): Illuminate\\Pipeline\\Pipeline->Illuminate\\Pipeline\\{closure}()
#33 /home/irsal/git/laravel-adminlte/vendor/laravel/framework/src/Illuminate/Pipeline/Pipeline.php(167): Fruitcake\\Cors\\HandleCors->handle()
#34 /home/irsal/git/laravel-adminlte/vendor/fideloper/proxy/src/TrustProxies.php(57): Illuminate\\Pipeline\\Pipeline->Illuminate\\Pipeline\\{closure}()
#35 /home/irsal/git/laravel-adminlte/vendor/laravel/framework/src/Illuminate/Pipeline/Pipeline.php(167): Fideloper\\Proxy\\TrustProxies->handle()
#36 /home/irsal/git/laravel-adminlte/vendor/laravel/framework/src/Illuminate/Pipeline/Pipeline.php(103): Illuminate\\Pipeline\\Pipeline->Illuminate\\Pipeline\\{closure}()
#37 /home/irsal/git/laravel-adminlte/vendor/laravel/framework/src/Illuminate/Foundation/Http/Kernel.php(140): Illuminate\\Pipeline\\Pipeline->then()
#38 /home/irsal/git/laravel-adminlte/vendor/laravel/framework/src/Illuminate/Foundation/Http/Kernel.php(109): Illuminate\\Foundation\\Http\\Kernel->sendRequestThroughRouter()
#39 /home/irsal/git/laravel-adminlte/public/index.php(55): Illuminate\\Foundation\\Http\\Kernel->handle()
#40 /home/irsal/git/laravel-adminlte/server.php(21): require_once('/home/irsal/git...')
#41 {main}
"} 
[2020-11-13 18:33:27] production.ERROR: No application encryption key has been specified. {"exception":"[object] (RuntimeException(code: 0): No application encryption key has been specified. at /home/irsal/git/laravel-adminlte/vendor/laravel/framework/src/Illuminate/Encryption/EncryptionServiceProvider.php:80)
[stacktrace]
#0 /home/irsal/git/laravel-adminlte/vendor/laravel/framework/src/Illuminate/Support/helpers.php(433): Illuminate\\Encryption\\EncryptionServiceProvider->Illuminate\\Encryption\\{closure}()
#1 /home/irsal/git/laravel-adminlte/vendor/laravel/framework/src/Illuminate/Encryption/EncryptionServiceProvider.php(84): tap()
#2 /home/irsal/git/laravel-adminlte/vendor/laravel/framework/src/Illuminate/Encryption/EncryptionServiceProvider.php(61): Illuminate\\Encryption\\EncryptionServiceProvider->key()
#3 /home/irsal/git/laravel-adminlte/vendor/laravel/framework/src/Illuminate/Encryption/EncryptionServiceProvider.php(33): Illuminate\\Encryption\\EncryptionServiceProvider->parseKey()
#4 /home/irsal/git/laravel-adminlte/vendor/laravel/framework/src/Illuminate/Container/Container.php(801): Illuminate\\Encryption\\EncryptionServiceProvider->Illuminate\\Encryption\\{closure}()
#5 /home/irsal/git/laravel-adminlte/vendor/laravel/framework/src/Illuminate/Container/Container.php(687): Illuminate\\Container\\Container->build()
#6 /home/irsal/git/laravel-adminlte/vendor/laravel/framework/src/Illuminate/Foundation/Application.php(796): Illuminate\\Container\\Container->resolve()
#7 /home/irsal/git/laravel-adminlte/vendor/laravel/framework/src/Illuminate/Container/Container.php(633): Illuminate\\Foundation\\Application->resolve()
#8 /home/irsal/git/laravel-adminlte/vendor/laravel/framework/src/Illuminate/Foundation/Application.php(781): Illuminate\\Container\\Container->make()
#9 /home/irsal/git/laravel-adminlte/vendor/laravel/framework/src/Illuminate/Container/Container.php(955): Illuminate\\Foundation\\Application->make()
#10 /home/irsal/git/laravel-adminlte/vendor/laravel/framework/src/Illuminate/Container/Container.php(875): Illuminate\\Container\\Container->resolveClass()
#11 /home/irsal/git/laravel-adminlte/vendor/laravel/framework/src/Illuminate/Container/Container.php(836): Illuminate\\Container\\Container->resolveDependencies()
#12 /home/irsal/git/laravel-adminlte/vendor/laravel/framework/src/Illuminate/Container/Container.php(687): Illuminate\\Container\\Container->build()
#13 /home/irsal/git/laravel-adminlte/vendor/laravel/framework/src/Illuminate/Foundation/Application.php(796): Illuminate\\Container\\Container->resolve()
#14 /home/irsal/git/laravel-adminlte/vendor/laravel/framework/src/Illuminate/Container/Container.php(633): Illuminate\\Foundation\\Application->resolve()
#15 /home/irsal/git/laravel-adminlte/vendor/laravel/framework/src/Illuminate/Foundation/Application.php(781): Illuminate\\Container\\Container->make()
#16 /home/irsal/git/laravel-adminlte/vendor/laravel/framework/src/Illuminate/Foundation/Http/Kernel.php(204): Illuminate\\Foundation\\Application->make()
#17 /home/irsal/git/laravel-adminlte/vendor/laravel/framework/src/Illuminate/Foundation/Http/Kernel.php(178): Illuminate\\Foundation\\Http\\Kernel->terminateMiddleware()
#18 /home/irsal/git/laravel-adminlte/public/index.php(60): Illuminate\\Foundation\\Http\\Kernel->terminate()
#19 /home/irsal/git/laravel-adminlte/server.php(21): require_once('/home/irsal/git...')
#20 {main}
"} 
[2020-11-13 18:34:13] local.ERROR: No application encryption key has been specified. {"exception":"[object] (RuntimeException(code: 0): No application encryption key has been specified. at /home/irsal/git/laravel-adminlte/vendor/laravel/framework/src/Illuminate/Encryption/EncryptionServiceProvider.php:80)
[stacktrace]
#0 /home/irsal/git/laravel-adminlte/vendor/laravel/framework/src/Illuminate/Support/helpers.php(433): Illuminate\\Encryption\\EncryptionServiceProvider->Illuminate\\Encryption\\{closure}()
#1 /home/irsal/git/laravel-adminlte/vendor/laravel/framework/src/Illuminate/Encryption/EncryptionServiceProvider.php(84): tap()
#2 /home/irsal/git/laravel-adminlte/vendor/laravel/framework/src/Illuminate/Encryption/EncryptionServiceProvider.php(61): Illuminate\\Encryption\\EncryptionServiceProvider->key()
#3 /home/irsal/git/laravel-adminlte/vendor/laravel/framework/src/Illuminate/Encryption/EncryptionServiceProvider.php(33): Illuminate\\Encryption\\EncryptionServiceProvider->parseKey()
#4 /home/irsal/git/laravel-adminlte/vendor/laravel/framework/src/Illuminate/Container/Container.php(801): Illuminate\\Encryption\\EncryptionServiceProvider->Illuminate\\Encryption\\{closure}()
#5 /home/irsal/git/laravel-adminlte/vendor/laravel/framework/src/Illuminate/Container/Container.php(687): Illuminate\\Container\\Container->build()
#6 /home/irsal/git/laravel-adminlte/vendor/laravel/framework/src/Illuminate/Foundation/Application.php(796): Illuminate\\Container\\Container->resolve()
#7 /home/irsal/git/laravel-adminlte/vendor/laravel/framework/src/Illuminate/Container/Container.php(633): Illuminate\\Foundation\\Application->resolve()
#8 /home/irsal/git/laravel-adminlte/vendor/laravel/framework/src/Illuminate/Foundation/Application.php(781): Illuminate\\Container\\Container->make()
#9 /home/irsal/git/laravel-adminlte/vendor/laravel/framework/src/Illuminate/Container/Container.php(955): Illuminate\\Foundation\\Application->make()
#10 /home/irsal/git/laravel-adminlte/vendor/laravel/framework/src/Illuminate/Container/Container.php(875): Illuminate\\Container\\Container->resolveClass()
#11 /home/irsal/git/laravel-adminlte/vendor/laravel/framework/src/Illuminate/Container/Container.php(836): Illuminate\\Container\\Container->resolveDependencies()
#12 /home/irsal/git/laravel-adminlte/vendor/laravel/framework/src/Illuminate/Container/Container.php(687): Illuminate\\Container\\Container->build()
#13 /home/irsal/git/laravel-adminlte/vendor/laravel/framework/src/Illuminate/Foundation/Application.php(796): Illuminate\\Container\\Container->resolve()
#14 /home/irsal/git/laravel-adminlte/vendor/laravel/framework/src/Illuminate/Container/Container.php(633): Illuminate\\Foundation\\Application->resolve()
#15 /home/irsal/git/laravel-adminlte/vendor/laravel/framework/src/Illuminate/Foundation/Application.php(781): Illuminate\\Container\\Container->make()
#16 /home/irsal/git/laravel-adminlte/vendor/laravel/framework/src/Illuminate/Pipeline/Pipeline.php(156): Illuminate\\Foundation\\Application->make()
#17 /home/irsal/git/laravel-adminlte/vendor/laravel/framework/src/Illuminate/Pipeline/Pipeline.php(103): Illuminate\\Pipeline\\Pipeline->Illuminate\\Pipeline\\{closure}()
#18 /home/irsal/git/laravel-adminlte/vendor/laravel/framework/src/Illuminate/Routing/Router.php(687): Illuminate\\Pipeline\\Pipeline->then()
#19 /home/irsal/git/laravel-adminlte/vendor/laravel/framework/src/Illuminate/Routing/Router.php(662): Illuminate\\Routing\\Router->runRouteWithinStack()
#20 /home/irsal/git/laravel-adminlte/vendor/laravel/framework/src/Illuminate/Routing/Router.php(628): Illuminate\\Routing\\Router->runRoute()
#21 /home/irsal/git/laravel-adminlte/vendor/laravel/framework/src/Illuminate/Routing/Router.php(617): Illuminate\\Routing\\Router->dispatchToRoute()
#22 /home/irsal/git/laravel-adminlte/vendor/laravel/framework/src/Illuminate/Foundation/Http/Kernel.php(165): Illuminate\\Routing\\Router->dispatch()
#23 /home/irsal/git/laravel-adminlte/vendor/laravel/framework/src/Illuminate/Pipeline/Pipeline.php(128): Illuminate\\Foundation\\Http\\Kernel->Illuminate\\Foundation\\Http\\{closure}()
#24 /home/irsal/git/laravel-adminlte/vendor/laravel/framework/src/Illuminate/Foundation/Http/Middleware/TransformsRequest.php(21): Illuminate\\Pipeline\\Pipeline->Illuminate\\Pipeline\\{closure}()
#25 /home/irsal/git/laravel-adminlte/vendor/laravel/framework/src/Illuminate/Pipeline/Pipeline.php(167): Illuminate\\Foundation\\Http\\Middleware\\TransformsRequest->handle()
#26 /home/irsal/git/laravel-adminlte/vendor/laravel/framework/src/Illuminate/Foundation/Http/Middleware/TransformsRequest.php(21): Illuminate\\Pipeline\\Pipeline->Illuminate\\Pipeline\\{closure}()
#27 /home/irsal/git/laravel-adminlte/vendor/laravel/framework/src/Illuminate/Pipeline/Pipeline.php(167): Illuminate\\Foundation\\Http\\Middleware\\TransformsRequest->handle()
#28 /home/irsal/git/laravel-adminlte/vendor/laravel/framework/src/Illuminate/Foundation/Http/Middleware/ValidatePostSize.php(27): Illuminate\\Pipeline\\Pipeline->Illuminate\\Pipeline\\{closure}()
#29 /home/irsal/git/laravel-adminlte/vendor/laravel/framework/src/Illuminate/Pipeline/Pipeline.php(167): Illuminate\\Foundation\\Http\\Middleware\\ValidatePostSize->handle()
#30 /home/irsal/git/laravel-adminlte/vendor/laravel/framework/src/Illuminate/Foundation/Http/Middleware/CheckForMaintenanceMode.php(63): Illuminate\\Pipeline\\Pipeline->Illuminate\\Pipeline\\{closure}()
#31 /home/irsal/git/laravel-adminlte/vendor/laravel/framework/src/Illuminate/Pipeline/Pipeline.php(167): Illuminate\\Foundation\\Http\\Middleware\\CheckForMaintenanceMode->handle()
#32 /home/irsal/git/laravel-adminlte/vendor/fruitcake/laravel-cors/src/HandleCors.php(37): Illuminate\\Pipeline\\Pipeline->Illuminate\\Pipeline\\{closure}()
#33 /home/irsal/git/laravel-adminlte/vendor/laravel/framework/src/Illuminate/Pipeline/Pipeline.php(167): Fruitcake\\Cors\\HandleCors->handle()
#34 /home/irsal/git/laravel-adminlte/vendor/fideloper/proxy/src/TrustProxies.php(57): Illuminate\\Pipeline\\Pipeline->Illuminate\\Pipeline\\{closure}()
#35 /home/irsal/git/laravel-adminlte/vendor/laravel/framework/src/Illuminate/Pipeline/Pipeline.php(167): Fideloper\\Proxy\\TrustProxies->handle()
#36 /home/irsal/git/laravel-adminlte/vendor/laravel/framework/src/Illuminate/Pipeline/Pipeline.php(103): Illuminate\\Pipeline\\Pipeline->Illuminate\\Pipeline\\{closure}()
#37 /home/irsal/git/laravel-adminlte/vendor/laravel/framework/src/Illuminate/Foundation/Http/Kernel.php(140): Illuminate\\Pipeline\\Pipeline->then()
#38 /home/irsal/git/laravel-adminlte/vendor/laravel/framework/src/Illuminate/Foundation/Http/Kernel.php(109): Illuminate\\Foundation\\Http\\Kernel->sendRequestThroughRouter()
#39 /home/irsal/git/laravel-adminlte/public/index.php(55): Illuminate\\Foundation\\Http\\Kernel->handle()
#40 /home/irsal/git/laravel-adminlte/server.php(21): require_once('/home/irsal/git...')
#41 {main}
"} 
[2020-11-13 18:34:13] local.ERROR: No application encryption key has been specified. {"exception":"[object] (RuntimeException(code: 0): No application encryption key has been specified. at /home/irsal/git/laravel-adminlte/vendor/laravel/framework/src/Illuminate/Encryption/EncryptionServiceProvider.php:80)
[stacktrace]
#0 /home/irsal/git/laravel-adminlte/vendor/laravel/framework/src/Illuminate/Support/helpers.php(433): Illuminate\\Encryption\\EncryptionServiceProvider->Illuminate\\Encryption\\{closure}()
#1 /home/irsal/git/laravel-adminlte/vendor/laravel/framework/src/Illuminate/Encryption/EncryptionServiceProvider.php(84): tap()
#2 /home/irsal/git/laravel-adminlte/vendor/laravel/framework/src/Illuminate/Encryption/EncryptionServiceProvider.php(61): Illuminate\\Encryption\\EncryptionServiceProvider->key()
#3 /home/irsal/git/laravel-adminlte/vendor/laravel/framework/src/Illuminate/Encryption/EncryptionServiceProvider.php(33): Illuminate\\Encryption\\EncryptionServiceProvider->parseKey()
#4 /home/irsal/git/laravel-adminlte/vendor/laravel/framework/src/Illuminate/Container/Container.php(801): Illuminate\\Encryption\\EncryptionServiceProvider->Illuminate\\Encryption\\{closure}()
#5 /home/irsal/git/laravel-adminlte/vendor/laravel/framework/src/Illuminate/Container/Container.php(687): Illuminate\\Container\\Container->build()
#6 /home/irsal/git/laravel-adminlte/vendor/laravel/framework/src/Illuminate/Foundation/Application.php(796): Illuminate\\Container\\Container->resolve()
#7 /home/irsal/git/laravel-adminlte/vendor/laravel/framework/src/Illuminate/Container/Container.php(633): Illuminate\\Foundation\\Application->resolve()
#8 /home/irsal/git/laravel-adminlte/vendor/laravel/framework/src/Illuminate/Foundation/Application.php(781): Illuminate\\Container\\Container->make()
#9 /home/irsal/git/laravel-adminlte/vendor/laravel/framework/src/Illuminate/Container/Container.php(955): Illuminate\\Foundation\\Application->make()
#10 /home/irsal/git/laravel-adminlte/vendor/laravel/framework/src/Illuminate/Container/Container.php(875): Illuminate\\Container\\Container->resolveClass()
#11 /home/irsal/git/laravel-adminlte/vendor/laravel/framework/src/Illuminate/Container/Container.php(836): Illuminate\\Container\\Container->resolveDependencies()
#12 /home/irsal/git/laravel-adminlte/vendor/laravel/framework/src/Illuminate/Container/Container.php(687): Illuminate\\Container\\Container->build()
#13 /home/irsal/git/laravel-adminlte/vendor/laravel/framework/src/Illuminate/Foundation/Application.php(796): Illuminate\\Container\\Container->resolve()
#14 /home/irsal/git/laravel-adminlte/vendor/laravel/framework/src/Illuminate/Container/Container.php(633): Illuminate\\Foundation\\Application->resolve()
#15 /home/irsal/git/laravel-adminlte/vendor/laravel/framework/src/Illuminate/Foundation/Application.php(781): Illuminate\\Container\\Container->make()
#16 /home/irsal/git/laravel-adminlte/vendor/laravel/framework/src/Illuminate/Foundation/Http/Kernel.php(204): Illuminate\\Foundation\\Application->make()
#17 /home/irsal/git/laravel-adminlte/vendor/laravel/framework/src/Illuminate/Foundation/Http/Kernel.php(178): Illuminate\\Foundation\\Http\\Kernel->terminateMiddleware()
#18 /home/irsal/git/laravel-adminlte/public/index.php(60): Illuminate\\Foundation\\Http\\Kernel->terminate()
#19 /home/irsal/git/laravel-adminlte/server.php(21): require_once('/home/irsal/git...')
#20 {main}
"} 
[2020-11-13 18:35:01] local.ERROR: SQLSTATE[HY000] [1698] Access denied for user 'root'@'localhost' (SQL: select `id`, `name`, `satuan`, `buy_price`, `sell_price`, `created_at` from `products`) {"exception":"[object] (Illuminate\\Database\\QueryException(code: 1698): SQLSTATE[HY000] [1698] Access denied for user 'root'@'localhost' (SQL: select `id`, `name`, `satuan`, `buy_price`, `sell_price`, `created_at` from `products`) at /home/irsal/git/laravel-adminlte/vendor/laravel/framework/src/Illuminate/Database/Connection.php:671)
[stacktrace]
#0 /home/irsal/git/laravel-adminlte/vendor/laravel/framework/src/Illuminate/Database/Connection.php(631): Illuminate\\Database\\Connection->runQueryCallback()
#1 /home/irsal/git/laravel-adminlte/vendor/laravel/framework/src/Illuminate/Database/Connection.php(339): Illuminate\\Database\\Connection->run()
#2 /home/irsal/git/laravel-adminlte/vendor/laravel/framework/src/Illuminate/Database/Query/Builder.php(2202): Illuminate\\Database\\Connection->select()
#3 /home/irsal/git/laravel-adminlte/vendor/laravel/framework/src/Illuminate/Database/Query/Builder.php(2190): Illuminate\\Database\\Query\\Builder->runSelect()
#4 /home/irsal/git/laravel-adminlte/vendor/laravel/framework/src/Illuminate/Database/Query/Builder.php(2685): Illuminate\\Database\\Query\\Builder->Illuminate\\Database\\Query\\{closure}()
#5 /home/irsal/git/laravel-adminlte/vendor/laravel/framework/src/Illuminate/Database/Query/Builder.php(2191): Illuminate\\Database\\Query\\Builder->onceWithColumns()
#6 /home/irsal/git/laravel-adminlte/vendor/laravel/framework/src/Illuminate/Database/Eloquent/Builder.php(539): Illuminate\\Database\\Query\\Builder->get()
#7 /home/irsal/git/laravel-adminlte/vendor/laravel/framework/src/Illuminate/Database/Eloquent/Builder.php(523): Illuminate\\Database\\Eloquent\\Builder->getModels()
#8 /home/irsal/git/laravel-adminlte/vendor/laravel/framework/src/Illuminate/Database/Eloquent/Model.php(489): Illuminate\\Database\\Eloquent\\Builder->get()
#9 /home/irsal/git/laravel-adminlte/app/Http/Controllers/ProductController.php(17): Illuminate\\Database\\Eloquent\\Model::all()
#10 [internal function]: App\\Http\\Controllers\\ProductController->index()
#11 /home/irsal/git/laravel-adminlte/vendor/laravel/framework/src/Illuminate/Routing/Controller.php(54): call_user_func_array()
#12 /home/irsal/git/laravel-adminlte/vendor/laravel/framework/src/Illuminate/Routing/ControllerDispatcher.php(45): Illuminate\\Routing\\Controller->callAction()
#13 /home/irsal/git/laravel-adminlte/vendor/laravel/framework/src/Illuminate/Routing/Route.php(239): Illuminate\\Routing\\ControllerDispatcher->dispatch()
#14 /home/irsal/git/laravel-adminlte/vendor/laravel/framework/src/Illuminate/Routing/Route.php(196): Illuminate\\Routing\\Route->runController()
#15 /home/irsal/git/laravel-adminlte/vendor/laravel/framework/src/Illuminate/Routing/Router.php(685): Illuminate\\Routing\\Route->run()
#16 /home/irsal/git/laravel-adminlte/vendor/laravel/framework/src/Illuminate/Pipeline/Pipeline.php(128): Illuminate\\Routing\\Router->Illuminate\\Routing\\{closure}()
#17 /home/irsal/git/laravel-adminlte/vendor/laravel/framework/src/Illuminate/Routing/Middleware/SubstituteBindings.php(41): Illuminate\\Pipeline\\Pipeline->Illuminate\\Pipeline\\{closure}()
#18 /home/irsal/git/laravel-adminlte/vendor/laravel/framework/src/Illuminate/Pipeline/Pipeline.php(167): Illuminate\\Routing\\Middleware\\SubstituteBindings->handle()
#19 /home/irsal/git/laravel-adminlte/vendor/laravel/framework/src/Illuminate/Foundation/Http/Middleware/VerifyCsrfToken.php(76): Illuminate\\Pipeline\\Pipeline->Illuminate\\Pipeline\\{closure}()
#20 /home/irsal/git/laravel-adminlte/vendor/laravel/framework/src/Illuminate/Pipeline/Pipeline.php(167): Illuminate\\Foundation\\Http\\Middleware\\VerifyCsrfToken->handle()
#21 /home/irsal/git/laravel-adminlte/vendor/laravel/framework/src/Illuminate/View/Middleware/ShareErrorsFromSession.php(49): Illuminate\\Pipeline\\Pipeline->Illuminate\\Pipeline\\{closure}()
#22 /home/irsal/git/laravel-adminlte/vendor/laravel/framework/src/Illuminate/Pipeline/Pipeline.php(167): Illuminate\\View\\Middleware\\ShareErrorsFromSession->handle()
#23 /home/irsal/git/laravel-adminlte/vendor/laravel/framework/src/Illuminate/Session/Middleware/StartSession.php(116): Illuminate\\Pipeline\\Pipeline->Illuminate\\Pipeline\\{closure}()
#24 /home/irsal/git/laravel-adminlte/vendor/laravel/framework/src/Illuminate/Session/Middleware/StartSession.php(62): Illuminate\\Session\\Middleware\\StartSession->handleStatefulRequest()
#25 /home/irsal/git/laravel-adminlte/vendor/laravel/framework/src/Illuminate/Pipeline/Pipeline.php(167): Illuminate\\Session\\Middleware\\StartSession->handle()
#26 /home/irsal/git/laravel-adminlte/vendor/laravel/framework/src/Illuminate/Cookie/Middleware/AddQueuedCookiesToResponse.php(37): Illuminate\\Pipeline\\Pipeline->Illuminate\\Pipeline\\{closure}()
#27 /home/irsal/git/laravel-adminlte/vendor/laravel/framework/src/Illuminate/Pipeline/Pipeline.php(167): Illuminate\\Cookie\\Middleware\\AddQueuedCookiesToResponse->handle()
#28 /home/irsal/git/laravel-adminlte/vendor/laravel/framework/src/Illuminate/Cookie/Middleware/EncryptCookies.php(66): Illuminate\\Pipeline\\Pipeline->Illuminate\\Pipeline\\{closure}()
#29 /home/irsal/git/laravel-adminlte/vendor/laravel/framework/src/Illuminate/Pipeline/Pipeline.php(167): Illuminate\\Cookie\\Middleware\\EncryptCookies->handle()
#30 /home/irsal/git/laravel-adminlte/vendor/laravel/framework/src/Illuminate/Pipeline/Pipeline.php(103): Illuminate\\Pipeline\\Pipeline->Illuminate\\Pipeline\\{closure}()
#31 /home/irsal/git/laravel-adminlte/vendor/laravel/framework/src/Illuminate/Routing/Router.php(687): Illuminate\\Pipeline\\Pipeline->then()
#32 /home/irsal/git/laravel-adminlte/vendor/laravel/framework/src/Illuminate/Routing/Router.php(662): Illuminate\\Routing\\Router->runRouteWithinStack()
#33 /home/irsal/git/laravel-adminlte/vendor/laravel/framework/src/Illuminate/Routing/Router.php(628): Illuminate\\Routing\\Router->runRoute()
#34 /home/irsal/git/laravel-adminlte/vendor/laravel/framework/src/Illuminate/Routing/Router.php(617): Illuminate\\Routing\\Router->dispatchToRoute()
#35 /home/irsal/git/laravel-adminlte/vendor/laravel/framework/src/Illuminate/Foundation/Http/Kernel.php(165): Illuminate\\Routing\\Router->dispatch()
#36 /home/irsal/git/laravel-adminlte/vendor/laravel/framework/src/Illuminate/Pipeline/Pipeline.php(128): Illuminate\\Foundation\\Http\\Kernel->Illuminate\\Foundation\\Http\\{closure}()
#37 /home/irsal/git/laravel-adminlte/vendor/laravel/framework/src/Illuminate/Foundation/Http/Middleware/TransformsRequest.php(21): Illuminate\\Pipeline\\Pipeline->Illuminate\\Pipeline\\{closure}()
#38 /home/irsal/git/laravel-adminlte/vendor/laravel/framework/src/Illuminate/Pipeline/Pipeline.php(167): Illuminate\\Foundation\\Http\\Middleware\\TransformsRequest->handle()
#39 /home/irsal/git/laravel-adminlte/vendor/laravel/framework/src/Illuminate/Foundation/Http/Middleware/TransformsRequest.php(21): Illuminate\\Pipeline\\Pipeline->Illuminate\\Pipeline\\{closure}()
#40 /home/irsal/git/laravel-adminlte/vendor/laravel/framework/src/Illuminate/Pipeline/Pipeline.php(167): Illuminate\\Foundation\\Http\\Middleware\\TransformsRequest->handle()
#41 /home/irsal/git/laravel-adminlte/vendor/laravel/framework/src/Illuminate/Foundation/Http/Middleware/ValidatePostSize.php(27): Illuminate\\Pipeline\\Pipeline->Illuminate\\Pipeline\\{closure}()
#42 /home/irsal/git/laravel-adminlte/vendor/laravel/framework/src/Illuminate/Pipeline/Pipeline.php(167): Illuminate\\Foundation\\Http\\Middleware\\ValidatePostSize->handle()
#43 /home/irsal/git/laravel-adminlte/vendor/laravel/framework/src/Illuminate/Foundation/Http/Middleware/CheckForMaintenanceMode.php(63): Illuminate\\Pipeline\\Pipeline->Illuminate\\Pipeline\\{closure}()
#44 /home/irsal/git/laravel-adminlte/vendor/laravel/framework/src/Illuminate/Pipeline/Pipeline.php(167): Illuminate\\Foundation\\Http\\Middleware\\CheckForMaintenanceMode->handle()
#45 /home/irsal/git/laravel-adminlte/vendor/fruitcake/laravel-cors/src/HandleCors.php(37): Illuminate\\Pipeline\\Pipeline->Illuminate\\Pipeline\\{closure}()
#46 /home/irsal/git/laravel-adminlte/vendor/laravel/framework/src/Illuminate/Pipeline/Pipeline.php(167): Fruitcake\\Cors\\HandleCors->handle()
#47 /home/irsal/git/laravel-adminlte/vendor/fideloper/proxy/src/TrustProxies.php(57): Illuminate\\Pipeline\\Pipeline->Illuminate\\Pipeline\\{closure}()
#48 /home/irsal/git/laravel-adminlte/vendor/laravel/framework/src/Illuminate/Pipeline/Pipeline.php(167): Fideloper\\Proxy\\TrustProxies->handle()
#49 /home/irsal/git/laravel-adminlte/vendor/laravel/framework/src/Illuminate/Pipeline/Pipeline.php(103): Illuminate\\Pipeline\\Pipeline->Illuminate\\Pipeline\\{closure}()
#50 /home/irsal/git/laravel-adminlte/vendor/laravel/framework/src/Illuminate/Foundation/Http/Kernel.php(140): Illuminate\\Pipeline\\Pipeline->then()
#51 /home/irsal/git/laravel-adminlte/vendor/laravel/framework/src/Illuminate/Foundation/Http/Kernel.php(109): Illuminate\\Foundation\\Http\\Kernel->sendRequestThroughRouter()
#52 /home/irsal/git/laravel-adminlte/public/index.php(55): Illuminate\\Foundation\\Http\\Kernel->handle()
#53 /home/irsal/git/laravel-adminlte/server.php(21): require_once('/home/irsal/git...')
#54 {main}

[previous exception] [object] (PDOException(code: 1698): SQLSTATE[HY000] [1698] Access denied for user 'root'@'localhost' at /home/irsal/git/laravel-adminlte/vendor/laravel/framework/src/Illuminate/Database/Connectors/Connector.php:70)
[stacktrace]
#0 /home/irsal/git/laravel-adminlte/vendor/laravel/framework/src/Illuminate/Database/Connectors/Connector.php(70): PDO->__construct()
#1 /home/irsal/git/laravel-adminlte/vendor/laravel/framework/src/Illuminate/Database/Connectors/Connector.php(46): Illuminate\\Database\\Connectors\\Connector->createPdoConnection()
#2 /home/irsal/git/laravel-adminlte/vendor/laravel/framework/src/Illuminate/Database/Connectors/MySqlConnector.php(24): Illuminate\\Database\\Connectors\\Connector->createConnection()
#3 /home/irsal/git/laravel-adminlte/vendor/laravel/framework/src/Illuminate/Database/Connectors/ConnectionFactory.php(182): Illuminate\\Database\\Connectors\\MySqlConnector->connect()
#4 [internal function]: Illuminate\\Database\\Connectors\\ConnectionFactory->Illuminate\\Database\\Connectors\\{closure}()
#5 /home/irsal/git/laravel-adminlte/vendor/laravel/framework/src/Illuminate/Database/Connection.php(926): call_user_func()
#6 /home/irsal/git/laravel-adminlte/vendor/laravel/framework/src/Illuminate/Database/Connection.php(961): Illuminate\\Database\\Connection->getPdo()
#7 /home/irsal/git/laravel-adminlte/vendor/laravel/framework/src/Illuminate/Database/Connection.php(405): Illuminate\\Database\\Connection->getReadPdo()
#8 /home/irsal/git/laravel-adminlte/vendor/laravel/framework/src/Illuminate/Database/Connection.php(331): Illuminate\\Database\\Connection->getPdoForSelect()
#9 /home/irsal/git/laravel-adminlte/vendor/laravel/framework/src/Illuminate/Database/Connection.php(664): Illuminate\\Database\\Connection->Illuminate\\Database\\{closure}()
#10 /home/irsal/git/laravel-adminlte/vendor/laravel/framework/src/Illuminate/Database/Connection.php(631): Illuminate\\Database\\Connection->runQueryCallback()
#11 /home/irsal/git/laravel-adminlte/vendor/laravel/framework/src/Illuminate/Database/Connection.php(339): Illuminate\\Database\\Connection->run()
#12 /home/irsal/git/laravel-adminlte/vendor/laravel/framework/src/Illuminate/Database/Query/Builder.php(2202): Illuminate\\Database\\Connection->select()
#13 /home/irsal/git/laravel-adminlte/vendor/laravel/framework/src/Illuminate/Database/Query/Builder.php(2190): Illuminate\\Database\\Query\\Builder->runSelect()
#14 /home/irsal/git/laravel-adminlte/vendor/laravel/framework/src/Illuminate/Database/Query/Builder.php(2685): Illuminate\\Database\\Query\\Builder->Illuminate\\Database\\Query\\{closure}()
#15 /home/irsal/git/laravel-adminlte/vendor/laravel/framework/src/Illuminate/Database/Query/Builder.php(2191): Illuminate\\Database\\Query\\Builder->onceWithColumns()
#16 /home/irsal/git/laravel-adminlte/vendor/laravel/framework/src/Illuminate/Database/Eloquent/Builder.php(539): Illuminate\\Database\\Query\\Builder->get()
#17 /home/irsal/git/laravel-adminlte/vendor/laravel/framework/src/Illuminate/Database/Eloquent/Builder.php(523): Illuminate\\Database\\Eloquent\\Builder->getModels()
#18 /home/irsal/git/laravel-adminlte/vendor/laravel/framework/src/Illuminate/Database/Eloquent/Model.php(489): Illuminate\\Database\\Eloquent\\Builder->get()
#19 /home/irsal/git/laravel-adminlte/app/Http/Controllers/ProductController.php(17): Illuminate\\Database\\Eloquent\\Model::all()
#20 [internal function]: App\\Http\\Controllers\\ProductController->index()
#21 /home/irsal/git/laravel-adminlte/vendor/laravel/framework/src/Illuminate/Routing/Controller.php(54): call_user_func_array()
#22 /home/irsal/git/laravel-adminlte/vendor/laravel/framework/src/Illuminate/Routing/ControllerDispatcher.php(45): Illuminate\\Routing\\Controller->callAction()
#23 /home/irsal/git/laravel-adminlte/vendor/laravel/framework/src/Illuminate/Routing/Route.php(239): Illuminate\\Routing\\ControllerDispatcher->dispatch()
#24 /home/irsal/git/laravel-adminlte/vendor/laravel/framework/src/Illuminate/Routing/Route.php(196): Illuminate\\Routing\\Route->runController()
#25 /home/irsal/git/laravel-adminlte/vendor/laravel/framework/src/Illuminate/Routing/Router.php(685): Illuminate\\Routing\\Route->run()
#26 /home/irsal/git/laravel-adminlte/vendor/laravel/framework/src/Illuminate/Pipeline/Pipeline.php(128): Illuminate\\Routing\\Router->Illuminate\\Routing\\{closure}()
#27 /home/irsal/git/laravel-adminlte/vendor/laravel/framework/src/Illuminate/Routing/Middleware/SubstituteBindings.php(41): Illuminate\\Pipeline\\Pipeline->Illuminate\\Pipeline\\{closure}()
#28 /home/irsal/git/laravel-adminlte/vendor/laravel/framework/src/Illuminate/Pipeline/Pipeline.php(167): Illuminate\\Routing\\Middleware\\SubstituteBindings->handle()
#29 /home/irsal/git/laravel-adminlte/vendor/laravel/framework/src/Illuminate/Foundation/Http/Middleware/VerifyCsrfToken.php(76): Illuminate\\Pipeline\\Pipeline->Illuminate\\Pipeline\\{closure}()
#30 /home/irsal/git/laravel-adminlte/vendor/laravel/framework/src/Illuminate/Pipeline/Pipeline.php(167): Illuminate\\Foundation\\Http\\Middleware\\VerifyCsrfToken->handle()
#31 /home/irsal/git/laravel-adminlte/vendor/laravel/framework/src/Illuminate/View/Middleware/ShareErrorsFromSession.php(49): Illuminate\\Pipeline\\Pipeline->Illuminate\\Pipeline\\{closure}()
#32 /home/irsal/git/laravel-adminlte/vendor/laravel/framework/src/Illuminate/Pipeline/Pipeline.php(167): Illuminate\\View\\Middleware\\ShareErrorsFromSession->handle()
#33 /home/irsal/git/laravel-adminlte/vendor/laravel/framework/src/Illuminate/Session/Middleware/StartSession.php(116): Illuminate\\Pipeline\\Pipeline->Illuminate\\Pipeline\\{closure}()
#34 /home/irsal/git/laravel-adminlte/vendor/laravel/framework/src/Illuminate/Session/Middleware/StartSession.php(62): Illuminate\\Session\\Middleware\\StartSession->handleStatefulRequest()
#35 /home/irsal/git/laravel-adminlte/vendor/laravel/framework/src/Illuminate/Pipeline/Pipeline.php(167): Illuminate\\Session\\Middleware\\StartSession->handle()
#36 /home/irsal/git/laravel-adminlte/vendor/laravel/framework/src/Illuminate/Cookie/Middleware/AddQueuedCookiesToResponse.php(37): Illuminate\\Pipeline\\Pipeline->Illuminate\\Pipeline\\{closure}()
#37 /home/irsal/git/laravel-adminlte/vendor/laravel/framework/src/Illuminate/Pipeline/Pipeline.php(167): Illuminate\\Cookie\\Middleware\\AddQueuedCookiesToResponse->handle()
#38 /home/irsal/git/laravel-adminlte/vendor/laravel/framework/src/Illuminate/Cookie/Middleware/EncryptCookies.php(66): Illuminate\\Pipeline\\Pipeline->Illuminate\\Pipeline\\{closure}()
#39 /home/irsal/git/laravel-adminlte/vendor/laravel/framework/src/Illuminate/Pipeline/Pipeline.php(167): Illuminate\\Cookie\\Middleware\\EncryptCookies->handle()
#40 /home/irsal/git/laravel-adminlte/vendor/laravel/framework/src/Illuminate/Pipeline/Pipeline.php(103): Illuminate\\Pipeline\\Pipeline->Illuminate\\Pipeline\\{closure}()
#41 /home/irsal/git/laravel-adminlte/vendor/laravel/framework/src/Illuminate/Routing/Router.php(687): Illuminate\\Pipeline\\Pipeline->then()
#42 /home/irsal/git/laravel-adminlte/vendor/laravel/framework/src/Illuminate/Routing/Router.php(662): Illuminate\\Routing\\Router->runRouteWithinStack()
#43 /home/irsal/git/laravel-adminlte/vendor/laravel/framework/src/Illuminate/Routing/Router.php(628): Illuminate\\Routing\\Router->runRoute()
#44 /home/irsal/git/laravel-adminlte/vendor/laravel/framework/src/Illuminate/Routing/Router.php(617): Illuminate\\Routing\\Router->dispatchToRoute()
#45 /home/irsal/git/laravel-adminlte/vendor/laravel/framework/src/Illuminate/Foundation/Http/Kernel.php(165): Illuminate\\Routing\\Router->dispatch()
#46 /home/irsal/git/laravel-adminlte/vendor/laravel/framework/src/Illuminate/Pipeline/Pipeline.php(128): Illuminate\\Foundation\\Http\\Kernel->Illuminate\\Foundation\\Http\\{closure}()
#47 /home/irsal/git/laravel-adminlte/vendor/laravel/framework/src/Illuminate/Foundation/Http/Middleware/TransformsRequest.php(21): Illuminate\\Pipeline\\Pipeline->Illuminate\\Pipeline\\{closure}()
#48 /home/irsal/git/laravel-adminlte/vendor/laravel/framework/src/Illuminate/Pipeline/Pipeline.php(167): Illuminate\\Foundation\\Http\\Middleware\\TransformsRequest->handle()
#49 /home/irsal/git/laravel-adminlte/vendor/laravel/framework/src/Illuminate/Foundation/Http/Middleware/TransformsRequest.php(21): Illuminate\\Pipeline\\Pipeline->Illuminate\\Pipeline\\{closure}()
#50 /home/irsal/git/laravel-adminlte/vendor/laravel/framework/src/Illuminate/Pipeline/Pipeline.php(167): Illuminate\\Foundation\\Http\\Middleware\\TransformsRequest->handle()
#51 /home/irsal/git/laravel-adminlte/vendor/laravel/framework/src/Illuminate/Foundation/Http/Middleware/ValidatePostSize.php(27): Illuminate\\Pipeline\\Pipeline->Illuminate\\Pipeline\\{closure}()
#52 /home/irsal/git/laravel-adminlte/vendor/laravel/framework/src/Illuminate/Pipeline/Pipeline.php(167): Illuminate\\Foundation\\Http\\Middleware\\ValidatePostSize->handle()
#53 /home/irsal/git/laravel-adminlte/vendor/laravel/framework/src/Illuminate/Foundation/Http/Middleware/CheckForMaintenanceMode.php(63): Illuminate\\Pipeline\\Pipeline->Illuminate\\Pipeline\\{closure}()
#54 /home/irsal/git/laravel-adminlte/vendor/laravel/framework/src/Illuminate/Pipeline/Pipeline.php(167): Illuminate\\Foundation\\Http\\Middleware\\CheckForMaintenanceMode->handle()
#55 /home/irsal/git/laravel-adminlte/vendor/fruitcake/laravel-cors/src/HandleCors.php(37): Illuminate\\Pipeline\\Pipeline->Illuminate\\Pipeline\\{closure}()
#56 /home/irsal/git/laravel-adminlte/vendor/laravel/framework/src/Illuminate/Pipeline/Pipeline.php(167): Fruitcake\\Cors\\HandleCors->handle()
#57 /home/irsal/git/laravel-adminlte/vendor/fideloper/proxy/src/TrustProxies.php(57): Illuminate\\Pipeline\\Pipeline->Illuminate\\Pipeline\\{closure}()
#58 /home/irsal/git/laravel-adminlte/vendor/laravel/framework/src/Illuminate/Pipeline/Pipeline.php(167): Fideloper\\Proxy\\TrustProxies->handle()
#59 /home/irsal/git/laravel-adminlte/vendor/laravel/framework/src/Illuminate/Pipeline/Pipeline.php(103): Illuminate\\Pipeline\\Pipeline->Illuminate\\Pipeline\\{closure}()
#60 /home/irsal/git/laravel-adminlte/vendor/laravel/framework/src/Illuminate/Foundation/Http/Kernel.php(140): Illuminate\\Pipeline\\Pipeline->then()
#61 /home/irsal/git/laravel-adminlte/vendor/laravel/framework/src/Illuminate/Foundation/Http/Kernel.php(109): Illuminate\\Foundation\\Http\\Kernel->sendRequestThroughRouter()
#62 /home/irsal/git/laravel-adminlte/public/index.php(55): Illuminate\\Foundation\\Http\\Kernel->handle()
#63 /home/irsal/git/laravel-adminlte/server.php(21): require_once('/home/irsal/git...')
#64 {main}
"} 
[2020-11-13 18:35:49] local.ERROR: SQLSTATE[42S02]: Base table or view not found: 1146 Table 'laravel.products' doesn't exist (SQL: select `id`, `name`, `satuan`, `buy_price`, `sell_price`, `created_at` from `products`) {"exception":"[object] (Illuminate\\Database\\QueryException(code: 42S02): SQLSTATE[42S02]: Base table or view not found: 1146 Table 'laravel.products' doesn't exist (SQL: select `id`, `name`, `satuan`, `buy_price`, `sell_price`, `created_at` from `products`) at /home/irsal/git/laravel-adminlte/vendor/laravel/framework/src/Illuminate/Database/Connection.php:671)
[stacktrace]
#0 /home/irsal/git/laravel-adminlte/vendor/laravel/framework/src/Illuminate/Database/Connection.php(631): Illuminate\\Database\\Connection->runQueryCallback()
#1 /home/irsal/git/laravel-adminlte/vendor/laravel/framework/src/Illuminate/Database/Connection.php(339): Illuminate\\Database\\Connection->run()
#2 /home/irsal/git/laravel-adminlte/vendor/laravel/framework/src/Illuminate/Database/Query/Builder.php(2202): Illuminate\\Database\\Connection->select()
#3 /home/irsal/git/laravel-adminlte/vendor/laravel/framework/src/Illuminate/Database/Query/Builder.php(2190): Illuminate\\Database\\Query\\Builder->runSelect()
#4 /home/irsal/git/laravel-adminlte/vendor/laravel/framework/src/Illuminate/Database/Query/Builder.php(2685): Illuminate\\Database\\Query\\Builder->Illuminate\\Database\\Query\\{closure}()
#5 /home/irsal/git/laravel-adminlte/vendor/laravel/framework/src/Illuminate/Database/Query/Builder.php(2191): Illuminate\\Database\\Query\\Builder->onceWithColumns()
#6 /home/irsal/git/laravel-adminlte/vendor/laravel/framework/src/Illuminate/Database/Eloquent/Builder.php(539): Illuminate\\Database\\Query\\Builder->get()
#7 /home/irsal/git/laravel-adminlte/vendor/laravel/framework/src/Illuminate/Database/Eloquent/Builder.php(523): Illuminate\\Database\\Eloquent\\Builder->getModels()
#8 /home/irsal/git/laravel-adminlte/vendor/laravel/framework/src/Illuminate/Database/Eloquent/Model.php(489): Illuminate\\Database\\Eloquent\\Builder->get()
#9 /home/irsal/git/laravel-adminlte/app/Http/Controllers/ProductController.php(17): Illuminate\\Database\\Eloquent\\Model::all()
#10 [internal function]: App\\Http\\Controllers\\ProductController->index()
#11 /home/irsal/git/laravel-adminlte/vendor/laravel/framework/src/Illuminate/Routing/Controller.php(54): call_user_func_array()
#12 /home/irsal/git/laravel-adminlte/vendor/laravel/framework/src/Illuminate/Routing/ControllerDispatcher.php(45): Illuminate\\Routing\\Controller->callAction()
#13 /home/irsal/git/laravel-adminlte/vendor/laravel/framework/src/Illuminate/Routing/Route.php(239): Illuminate\\Routing\\ControllerDispatcher->dispatch()
#14 /home/irsal/git/laravel-adminlte/vendor/laravel/framework/src/Illuminate/Routing/Route.php(196): Illuminate\\Routing\\Route->runController()
#15 /home/irsal/git/laravel-adminlte/vendor/laravel/framework/src/Illuminate/Routing/Router.php(685): Illuminate\\Routing\\Route->run()
#16 /home/irsal/git/laravel-adminlte/vendor/laravel/framework/src/Illuminate/Pipeline/Pipeline.php(128): Illuminate\\Routing\\Router->Illuminate\\Routing\\{closure}()
#17 /home/irsal/git/laravel-adminlte/vendor/laravel/framework/src/Illuminate/Routing/Middleware/SubstituteBindings.php(41): Illuminate\\Pipeline\\Pipeline->Illuminate\\Pipeline\\{closure}()
#18 /home/irsal/git/laravel-adminlte/vendor/laravel/framework/src/Illuminate/Pipeline/Pipeline.php(167): Illuminate\\Routing\\Middleware\\SubstituteBindings->handle()
#19 /home/irsal/git/laravel-adminlte/vendor/laravel/framework/src/Illuminate/Foundation/Http/Middleware/VerifyCsrfToken.php(76): Illuminate\\Pipeline\\Pipeline->Illuminate\\Pipeline\\{closure}()
#20 /home/irsal/git/laravel-adminlte/vendor/laravel/framework/src/Illuminate/Pipeline/Pipeline.php(167): Illuminate\\Foundation\\Http\\Middleware\\VerifyCsrfToken->handle()
#21 /home/irsal/git/laravel-adminlte/vendor/laravel/framework/src/Illuminate/View/Middleware/ShareErrorsFromSession.php(49): Illuminate\\Pipeline\\Pipeline->Illuminate\\Pipeline\\{closure}()
#22 /home/irsal/git/laravel-adminlte/vendor/laravel/framework/src/Illuminate/Pipeline/Pipeline.php(167): Illuminate\\View\\Middleware\\ShareErrorsFromSession->handle()
#23 /home/irsal/git/laravel-adminlte/vendor/laravel/framework/src/Illuminate/Session/Middleware/StartSession.php(116): Illuminate\\Pipeline\\Pipeline->Illuminate\\Pipeline\\{closure}()
#24 /home/irsal/git/laravel-adminlte/vendor/laravel/framework/src/Illuminate/Session/Middleware/StartSession.php(62): Illuminate\\Session\\Middleware\\StartSession->handleStatefulRequest()
#25 /home/irsal/git/laravel-adminlte/vendor/laravel/framework/src/Illuminate/Pipeline/Pipeline.php(167): Illuminate\\Session\\Middleware\\StartSession->handle()
#26 /home/irsal/git/laravel-adminlte/vendor/laravel/framework/src/Illuminate/Cookie/Middleware/AddQueuedCookiesToResponse.php(37): Illuminate\\Pipeline\\Pipeline->Illuminate\\Pipeline\\{closure}()
#27 /home/irsal/git/laravel-adminlte/vendor/laravel/framework/src/Illuminate/Pipeline/Pipeline.php(167): Illuminate\\Cookie\\Middleware\\AddQueuedCookiesToResponse->handle()
#28 /home/irsal/git/laravel-adminlte/vendor/laravel/framework/src/Illuminate/Cookie/Middleware/EncryptCookies.php(66): Illuminate\\Pipeline\\Pipeline->Illuminate\\Pipeline\\{closure}()
#29 /home/irsal/git/laravel-adminlte/vendor/laravel/framework/src/Illuminate/Pipeline/Pipeline.php(167): Illuminate\\Cookie\\Middleware\\EncryptCookies->handle()
#30 /home/irsal/git/laravel-adminlte/vendor/laravel/framework/src/Illuminate/Pipeline/Pipeline.php(103): Illuminate\\Pipeline\\Pipeline->Illuminate\\Pipeline\\{closure}()
#31 /home/irsal/git/laravel-adminlte/vendor/laravel/framework/src/Illuminate/Routing/Router.php(687): Illuminate\\Pipeline\\Pipeline->then()
#32 /home/irsal/git/laravel-adminlte/vendor/laravel/framework/src/Illuminate/Routing/Router.php(662): Illuminate\\Routing\\Router->runRouteWithinStack()
#33 /home/irsal/git/laravel-adminlte/vendor/laravel/framework/src/Illuminate/Routing/Router.php(628): Illuminate\\Routing\\Router->runRoute()
#34 /home/irsal/git/laravel-adminlte/vendor/laravel/framework/src/Illuminate/Routing/Router.php(617): Illuminate\\Routing\\Router->dispatchToRoute()
#35 /home/irsal/git/laravel-adminlte/vendor/laravel/framework/src/Illuminate/Foundation/Http/Kernel.php(165): Illuminate\\Routing\\Router->dispatch()
#36 /home/irsal/git/laravel-adminlte/vendor/laravel/framework/src/Illuminate/Pipeline/Pipeline.php(128): Illuminate\\Foundation\\Http\\Kernel->Illuminate\\Foundation\\Http\\{closure}()
#37 /home/irsal/git/laravel-adminlte/vendor/laravel/framework/src/Illuminate/Foundation/Http/Middleware/TransformsRequest.php(21): Illuminate\\Pipeline\\Pipeline->Illuminate\\Pipeline\\{closure}()
#38 /home/irsal/git/laravel-adminlte/vendor/laravel/framework/src/Illuminate/Pipeline/Pipeline.php(167): Illuminate\\Foundation\\Http\\Middleware\\TransformsRequest->handle()
#39 /home/irsal/git/laravel-adminlte/vendor/laravel/framework/src/Illuminate/Foundation/Http/Middleware/TransformsRequest.php(21): Illuminate\\Pipeline\\Pipeline->Illuminate\\Pipeline\\{closure}()
#40 /home/irsal/git/laravel-adminlte/vendor/laravel/framework/src/Illuminate/Pipeline/Pipeline.php(167): Illuminate\\Foundation\\Http\\Middleware\\TransformsRequest->handle()
#41 /home/irsal/git/laravel-adminlte/vendor/laravel/framework/src/Illuminate/Foundation/Http/Middleware/ValidatePostSize.php(27): Illuminate\\Pipeline\\Pipeline->Illuminate\\Pipeline\\{closure}()
#42 /home/irsal/git/laravel-adminlte/vendor/laravel/framework/src/Illuminate/Pipeline/Pipeline.php(167): Illuminate\\Foundation\\Http\\Middleware\\ValidatePostSize->handle()
#43 /home/irsal/git/laravel-adminlte/vendor/laravel/framework/src/Illuminate/Foundation/Http/Middleware/CheckForMaintenanceMode.php(63): Illuminate\\Pipeline\\Pipeline->Illuminate\\Pipeline\\{closure}()
#44 /home/irsal/git/laravel-adminlte/vendor/laravel/framework/src/Illuminate/Pipeline/Pipeline.php(167): Illuminate\\Foundation\\Http\\Middleware\\CheckForMaintenanceMode->handle()
#45 /home/irsal/git/laravel-adminlte/vendor/fruitcake/laravel-cors/src/HandleCors.php(37): Illuminate\\Pipeline\\Pipeline->Illuminate\\Pipeline\\{closure}()
#46 /home/irsal/git/laravel-adminlte/vendor/laravel/framework/src/Illuminate/Pipeline/Pipeline.php(167): Fruitcake\\Cors\\HandleCors->handle()
#47 /home/irsal/git/laravel-adminlte/vendor/fideloper/proxy/src/TrustProxies.php(57): Illuminate\\Pipeline\\Pipeline->Illuminate\\Pipeline\\{closure}()
#48 /home/irsal/git/laravel-adminlte/vendor/laravel/framework/src/Illuminate/Pipeline/Pipeline.php(167): Fideloper\\Proxy\\TrustProxies->handle()
#49 /home/irsal/git/laravel-adminlte/vendor/laravel/framework/src/Illuminate/Pipeline/Pipeline.php(103): Illuminate\\Pipeline\\Pipeline->Illuminate\\Pipeline\\{closure}()
#50 /home/irsal/git/laravel-adminlte/vendor/laravel/framework/src/Illuminate/Foundation/Http/Kernel.php(140): Illuminate\\Pipeline\\Pipeline->then()
#51 /home/irsal/git/laravel-adminlte/vendor/laravel/framework/src/Illuminate/Foundation/Http/Kernel.php(109): Illuminate\\Foundation\\Http\\Kernel->sendRequestThroughRouter()
#52 /home/irsal/git/laravel-adminlte/public/index.php(55): Illuminate\\Foundation\\Http\\Kernel->handle()
#53 /home/irsal/git/laravel-adminlte/server.php(21): require_once('/home/irsal/git...')
#54 {main}

[previous exception] [object] (PDOException(code: 42S02): SQLSTATE[42S02]: Base table or view not found: 1146 Table 'laravel.products' doesn't exist at /home/irsal/git/laravel-adminlte/vendor/laravel/framework/src/Illuminate/Database/Connection.php:331)
[stacktrace]
#0 /home/irsal/git/laravel-adminlte/vendor/laravel/framework/src/Illuminate/Database/Connection.php(331): PDO->prepare()
#1 /home/irsal/git/laravel-adminlte/vendor/laravel/framework/src/Illuminate/Database/Connection.php(664): Illuminate\\Database\\Connection->Illuminate\\Database\\{closure}()
#2 /home/irsal/git/laravel-adminlte/vendor/laravel/framework/src/Illuminate/Database/Connection.php(631): Illuminate\\Database\\Connection->runQueryCallback()
#3 /home/irsal/git/laravel-adminlte/vendor/laravel/framework/src/Illuminate/Database/Connection.php(339): Illuminate\\Database\\Connection->run()
#4 /home/irsal/git/laravel-adminlte/vendor/laravel/framework/src/Illuminate/Database/Query/Builder.php(2202): Illuminate\\Database\\Connection->select()
#5 /home/irsal/git/laravel-adminlte/vendor/laravel/framework/src/Illuminate/Database/Query/Builder.php(2190): Illuminate\\Database\\Query\\Builder->runSelect()
#6 /home/irsal/git/laravel-adminlte/vendor/laravel/framework/src/Illuminate/Database/Query/Builder.php(2685): Illuminate\\Database\\Query\\Builder->Illuminate\\Database\\Query\\{closure}()
#7 /home/irsal/git/laravel-adminlte/vendor/laravel/framework/src/Illuminate/Database/Query/Builder.php(2191): Illuminate\\Database\\Query\\Builder->onceWithColumns()
#8 /home/irsal/git/laravel-adminlte/vendor/laravel/framework/src/Illuminate/Database/Eloquent/Builder.php(539): Illuminate\\Database\\Query\\Builder->get()
#9 /home/irsal/git/laravel-adminlte/vendor/laravel/framework/src/Illuminate/Database/Eloquent/Builder.php(523): Illuminate\\Database\\Eloquent\\Builder->getModels()
#10 /home/irsal/git/laravel-adminlte/vendor/laravel/framework/src/Illuminate/Database/Eloquent/Model.php(489): Illuminate\\Database\\Eloquent\\Builder->get()
#11 /home/irsal/git/laravel-adminlte/app/Http/Controllers/ProductController.php(17): Illuminate\\Database\\Eloquent\\Model::all()
#12 [internal function]: App\\Http\\Controllers\\ProductController->index()
#13 /home/irsal/git/laravel-adminlte/vendor/laravel/framework/src/Illuminate/Routing/Controller.php(54): call_user_func_array()
#14 /home/irsal/git/laravel-adminlte/vendor/laravel/framework/src/Illuminate/Routing/ControllerDispatcher.php(45): Illuminate\\Routing\\Controller->callAction()
#15 /home/irsal/git/laravel-adminlte/vendor/laravel/framework/src/Illuminate/Routing/Route.php(239): Illuminate\\Routing\\ControllerDispatcher->dispatch()
#16 /home/irsal/git/laravel-adminlte/vendor/laravel/framework/src/Illuminate/Routing/Route.php(196): Illuminate\\Routing\\Route->runController()
#17 /home/irsal/git/laravel-adminlte/vendor/laravel/framework/src/Illuminate/Routing/Router.php(685): Illuminate\\Routing\\Route->run()
#18 /home/irsal/git/laravel-adminlte/vendor/laravel/framework/src/Illuminate/Pipeline/Pipeline.php(128): Illuminate\\Routing\\Router->Illuminate\\Routing\\{closure}()
#19 /home/irsal/git/laravel-adminlte/vendor/laravel/framework/src/Illuminate/Routing/Middleware/SubstituteBindings.php(41): Illuminate\\Pipeline\\Pipeline->Illuminate\\Pipeline\\{closure}()
#20 /home/irsal/git/laravel-adminlte/vendor/laravel/framework/src/Illuminate/Pipeline/Pipeline.php(167): Illuminate\\Routing\\Middleware\\SubstituteBindings->handle()
#21 /home/irsal/git/laravel-adminlte/vendor/laravel/framework/src/Illuminate/Foundation/Http/Middleware/VerifyCsrfToken.php(76): Illuminate\\Pipeline\\Pipeline->Illuminate\\Pipeline\\{closure}()
#22 /home/irsal/git/laravel-adminlte/vendor/laravel/framework/src/Illuminate/Pipeline/Pipeline.php(167): Illuminate\\Foundation\\Http\\Middleware\\VerifyCsrfToken->handle()
#23 /home/irsal/git/laravel-adminlte/vendor/laravel/framework/src/Illuminate/View/Middleware/ShareErrorsFromSession.php(49): Illuminate\\Pipeline\\Pipeline->Illuminate\\Pipeline\\{closure}()
#24 /home/irsal/git/laravel-adminlte/vendor/laravel/framework/src/Illuminate/Pipeline/Pipeline.php(167): Illuminate\\View\\Middleware\\ShareErrorsFromSession->handle()
#25 /home/irsal/git/laravel-adminlte/vendor/laravel/framework/src/Illuminate/Session/Middleware/StartSession.php(116): Illuminate\\Pipeline\\Pipeline->Illuminate\\Pipeline\\{closure}()
#26 /home/irsal/git/laravel-adminlte/vendor/laravel/framework/src/Illuminate/Session/Middleware/StartSession.php(62): Illuminate\\Session\\Middleware\\StartSession->handleStatefulRequest()
#27 /home/irsal/git/laravel-adminlte/vendor/laravel/framework/src/Illuminate/Pipeline/Pipeline.php(167): Illuminate\\Session\\Middleware\\StartSession->handle()
#28 /home/irsal/git/laravel-adminlte/vendor/laravel/framework/src/Illuminate/Cookie/Middleware/AddQueuedCookiesToResponse.php(37): Illuminate\\Pipeline\\Pipeline->Illuminate\\Pipeline\\{closure}()
#29 /home/irsal/git/laravel-adminlte/vendor/laravel/framework/src/Illuminate/Pipeline/Pipeline.php(167): Illuminate\\Cookie\\Middleware\\AddQueuedCookiesToResponse->handle()
#30 /home/irsal/git/laravel-adminlte/vendor/laravel/framework/src/Illuminate/Cookie/Middleware/EncryptCookies.php(66): Illuminate\\Pipeline\\Pipeline->Illuminate\\Pipeline\\{closure}()
#31 /home/irsal/git/laravel-adminlte/vendor/laravel/framework/src/Illuminate/Pipeline/Pipeline.php(167): Illuminate\\Cookie\\Middleware\\EncryptCookies->handle()
#32 /home/irsal/git/laravel-adminlte/vendor/laravel/framework/src/Illuminate/Pipeline/Pipeline.php(103): Illuminate\\Pipeline\\Pipeline->Illuminate\\Pipeline\\{closure}()
#33 /home/irsal/git/laravel-adminlte/vendor/laravel/framework/src/Illuminate/Routing/Router.php(687): Illuminate\\Pipeline\\Pipeline->then()
#34 /home/irsal/git/laravel-adminlte/vendor/laravel/framework/src/Illuminate/Routing/Router.php(662): Illuminate\\Routing\\Router->runRouteWithinStack()
#35 /home/irsal/git/laravel-adminlte/vendor/laravel/framework/src/Illuminate/Routing/Router.php(628): Illuminate\\Routing\\Router->runRoute()
#36 /home/irsal/git/laravel-adminlte/vendor/laravel/framework/src/Illuminate/Routing/Router.php(617): Illuminate\\Routing\\Router->dispatchToRoute()
#37 /home/irsal/git/laravel-adminlte/vendor/laravel/framework/src/Illuminate/Foundation/Http/Kernel.php(165): Illuminate\\Routing\\Router->dispatch()
#38 /home/irsal/git/laravel-adminlte/vendor/laravel/framework/src/Illuminate/Pipeline/Pipeline.php(128): Illuminate\\Foundation\\Http\\Kernel->Illuminate\\Foundation\\Http\\{closure}()
#39 /home/irsal/git/laravel-adminlte/vendor/laravel/framework/src/Illuminate/Foundation/Http/Middleware/TransformsRequest.php(21): Illuminate\\Pipeline\\Pipeline->Illuminate\\Pipeline\\{closure}()
#40 /home/irsal/git/laravel-adminlte/vendor/laravel/framework/src/Illuminate/Pipeline/Pipeline.php(167): Illuminate\\Foundation\\Http\\Middleware\\TransformsRequest->handle()
#41 /home/irsal/git/laravel-adminlte/vendor/laravel/framework/src/Illuminate/Foundation/Http/Middleware/TransformsRequest.php(21): Illuminate\\Pipeline\\Pipeline->Illuminate\\Pipeline\\{closure}()
#42 /home/irsal/git/laravel-adminlte/vendor/laravel/framework/src/Illuminate/Pipeline/Pipeline.php(167): Illuminate\\Foundation\\Http\\Middleware\\TransformsRequest->handle()
#43 /home/irsal/git/laravel-adminlte/vendor/laravel/framework/src/Illuminate/Foundation/Http/Middleware/ValidatePostSize.php(27): Illuminate\\Pipeline\\Pipeline->Illuminate\\Pipeline\\{closure}()
#44 /home/irsal/git/laravel-adminlte/vendor/laravel/framework/src/Illuminate/Pipeline/Pipeline.php(167): Illuminate\\Foundation\\Http\\Middleware\\ValidatePostSize->handle()
#45 /home/irsal/git/laravel-adminlte/vendor/laravel/framework/src/Illuminate/Foundation/Http/Middleware/CheckForMaintenanceMode.php(63): Illuminate\\Pipeline\\Pipeline->Illuminate\\Pipeline\\{closure}()
#46 /home/irsal/git/laravel-adminlte/vendor/laravel/framework/src/Illuminate/Pipeline/Pipeline.php(167): Illuminate\\Foundation\\Http\\Middleware\\CheckForMaintenanceMode->handle()
#47 /home/irsal/git/laravel-adminlte/vendor/fruitcake/laravel-cors/src/HandleCors.php(37): Illuminate\\Pipeline\\Pipeline->Illuminate\\Pipeline\\{closure}()
#48 /home/irsal/git/laravel-adminlte/vendor/laravel/framework/src/Illuminate/Pipeline/Pipeline.php(167): Fruitcake\\Cors\\HandleCors->handle()
#49 /home/irsal/git/laravel-adminlte/vendor/fideloper/proxy/src/TrustProxies.php(57): Illuminate\\Pipeline\\Pipeline->Illuminate\\Pipeline\\{closure}()
#50 /home/irsal/git/laravel-adminlte/vendor/laravel/framework/src/Illuminate/Pipeline/Pipeline.php(167): Fideloper\\Proxy\\TrustProxies->handle()
#51 /home/irsal/git/laravel-adminlte/vendor/laravel/framework/src/Illuminate/Pipeline/Pipeline.php(103): Illuminate\\Pipeline\\Pipeline->Illuminate\\Pipeline\\{closure}()
#52 /home/irsal/git/laravel-adminlte/vendor/laravel/framework/src/Illuminate/Foundation/Http/Kernel.php(140): Illuminate\\Pipeline\\Pipeline->then()
#53 /home/irsal/git/laravel-adminlte/vendor/laravel/framework/src/Illuminate/Foundation/Http/Kernel.php(109): Illuminate\\Foundation\\Http\\Kernel->sendRequestThroughRouter()
#54 /home/irsal/git/laravel-adminlte/public/index.php(55): Illuminate\\Foundation\\Http\\Kernel->handle()
#55 /home/irsal/git/laravel-adminlte/server.php(21): require_once('/home/irsal/git...')
#56 {main}
"} 
